#
# There is insufficient memory for the Java Runtime Environment to continue.
# Native memory allocation (malloc) failed to allocate 1048576 bytes for AllocateHeap
# Possible reasons:
#   The system is out of physical RAM or swap space
#   The process is running with CompressedOops enabled, and the Java Heap may be blocking the growth of the native heap
# Possible solutions:
#   Reduce memory load on the system
#   Increase physical memory or swap space
#   Check if swap backing store is full
#   Decrease Java heap size (-Xmx/-Xms)
#   Decrease number of Java threads
#   Decrease Java thread stack sizes (-Xss)
#   Set larger code cache with -XX:ReservedCodeCacheSize=
#   JVM is running with Unscaled Compressed Oops mode in which the Java heap is
#     placed in the first 4GB address space. The Java Heap base address is the
#     maximum limit for the native heap growth. Please use -XX:HeapBaseMinAddress
#     to set the Java Heap base and to place the Java Heap above 4GB virtual address.
# This output file may be truncated or incomplete.
#
#  Out of Memory Error (memory/allocation.inline.hpp:61), pid=14796, tid=0x0000000000004980
#
# JRE version:  (8.0_201-b09) (build )
# Java VM: Java HotSpot(TM) 64-Bit Server VM (25.201-b09 mixed mode windows-amd64 compressed oops)
# Failed to write core dump. Minidumps are not enabled by default on client versions of Windows
#

---------------  T H R E A D  ---------------

Current thread (0x000000000296e000):  JavaThread "Unknown thread" [_thread_in_vm, id=18816, stack(0x0000000002970000,0x0000000002a70000)]

Stack: [0x0000000002970000,0x0000000002a70000]
[error occurred during error reporting (printing stack bounds), id 0xc0000005]

Native frames: (J=compiled Java code, j=interpreted, Vv=VM code, C=native code)


---------------  P R O C E S S  ---------------

Java Threads: ( => current thread )

Other Threads:

=>0x000000000296e000 (exited) JavaThread "Unknown thread" [_thread_in_vm, id=18816, stack(0x0000000002970000,0x0000000002a70000)]

VM state:not at safepoint (normal execution)

VM Mutex/Monitor currently owned by a thread: None

heap address: 0x00000000a1c00000, size: 1508 MB, Compressed Oops mode: 32-bit
Narrow klass base: 0x0000000000000000, Narrow klass shift: 3
Compressed class space size: 1073741824 Address: 0x0000000100000000

Heap:
 PSYoungGen      total 28672K, used 491K [0x00000000e0980000, 0x00000000e2980000, 0x0000000100000000)
  eden space 24576K, 2% used [0x00000000e0980000,0x00000000e09fae20,0x00000000e2180000)
  from space 4096K, 0% used [0x00000000e2580000,0x00000000e2580000,0x00000000e2980000)
  to   space 4096K, 0% used [0x00000000e2180000,0x00000000e2180000,0x00000000e2580000)
 ParOldGen       total 65536K, used 0K [0x00000000a1c00000, 0x00000000a5c00000, 0x00000000e0980000)
  object space 65536K, 0% used [0x00000000a1c00000,0x00000000a1c00000,0x00000000a5c00000)
 Metaspace       used 751K, capacity 4480K, committed 4480K, reserved 1056768K
  class space    used 76K, capacity 384K, committed 384K, reserved 1048576K

Card table byte_map: [0x0000000011f90000,0x0000000012290000] byte_map_base: 0x0000000011a82000

Marking Bits: (ParMarkBitMap*) 0x0000000057154ce0
 Begin Bits: [0x0000000012890000, 0x0000000014020000)
 End Bits:   [0x0000000014020000, 0x00000000157b0000)

Polling page: 0x0000000002920000

CodeCache: size=245760Kb used=328Kb max_used=328Kb free=245431Kb
 bounds [0x0000000002bd0000, 0x0000000002e40000, 0x0000000011bd0000]
 total_blobs=58 nmethods=0 adapters=38
 compilation: enabled

Compilation events (0 events):
No events

GC Heap History (0 events):
No events

Deoptimization events (0 events):
No events

Classes redefined (0 events):
No events

Internal exceptions (0 events):
No events

Events (10 events):
Event: 0.028 loading class java/lang/Short
Event: 0.028 loading class java/lang/Short done
Event: 0.028 loading class java/lang/Integer
Event: 0.028 loading class java/lang/Integer done
Event: 0.029 loading class java/lang/Long
Event: 0.029 loading class java/lang/Long done
Event: 0.030 loading class java/lang/NullPointerException
Event: 0.030 loading class java/lang/NullPointerException done
Event: 0.030 loading class java/lang/ArithmeticException
Event: 0.030 loading class java/lang/ArithmeticException done


Dynamic libraries:
0x00007ff7d1e20000 - 0x00007ff7d1e57000 	C:\Program Files\Java\jre1.8.0_201\bin\javaw.exe
0x00007ffd9d9c0000 - 0x00007ffd9dba1000 	C:\WINDOWS\SYSTEM32\ntdll.dll
0x00007ffd9cbf0000 - 0x00007ffd9cca1000 	C:\WINDOWS\System32\KERNEL32.DLL
0x00007ffd9aa20000 - 0x00007ffd9ac93000 	C:\WINDOWS\System32\KERNELBASE.dll
0x00007ffd9d280000 - 0x00007ffd9d321000 	C:\WINDOWS\System32\ADVAPI32.dll
0x00007ffd9cb40000 - 0x00007ffd9cbde000 	C:\WINDOWS\System32\msvcrt.dll
0x00007ffd9ccb0000 - 0x00007ffd9cd0b000 	C:\WINDOWS\System32\sechost.dll
0x00007ffd9b410000 - 0x00007ffd9b534000 	C:\WINDOWS\System32\RPCRT4.dll
0x00007ffd9b570000 - 0x00007ffd9b700000 	C:\WINDOWS\System32\USER32.dll
0x00007ffd9a980000 - 0x00007ffd9a9a0000 	C:\WINDOWS\System32\win32u.dll
0x00007ffd9b540000 - 0x00007ffd9b568000 	C:\WINDOWS\System32\GDI32.dll
0x00007ffd9a500000 - 0x00007ffd9a692000 	C:\WINDOWS\System32\gdi32full.dll
0x00007ffd9a8e0000 - 0x00007ffd9a97f000 	C:\WINDOWS\System32\msvcp_win.dll
0x00007ffd9aca0000 - 0x00007ffd9ad98000 	C:\WINDOWS\System32\ucrtbase.dll
0x00007ffd8be00000 - 0x00007ffd8c069000 	C:\WINDOWS\WinSxS\amd64_microsoft.windows.common-controls_6595b64144ccf1df_6.0.17134.765_none_fb42a1a930655896\COMCTL32.dll
0x00007ffd9b0e0000 - 0x00007ffd9b402000 	C:\WINDOWS\System32\combase.dll
0x00007ffd9a9a0000 - 0x00007ffd9aa1a000 	C:\WINDOWS\System32\bcryptPrimitives.dll
0x00007ffd9ce90000 - 0x00007ffd9cebd000 	C:\WINDOWS\System32\IMM32.DLL
0x0000000056850000 - 0x0000000056921000 	C:\Program Files\Java\jre1.8.0_201\bin\msvcr100.dll
0x0000000056930000 - 0x00000000571d4000 	C:\Program Files\Java\jre1.8.0_201\bin\server\jvm.dll
0x00007ffd9d1f0000 - 0x00007ffd9d1f8000 	C:\WINDOWS\System32\PSAPI.DLL
0x00007ffd92a90000 - 0x00007ffd92a9a000 	C:\WINDOWS\SYSTEM32\VERSION.dll
0x00007ffd926a0000 - 0x00007ffd926c3000 	C:\WINDOWS\SYSTEM32\WINMM.dll
0x00007ffd88270000 - 0x00007ffd88279000 	C:\WINDOWS\SYSTEM32\WSOCK32.dll
0x00007ffd9d120000 - 0x00007ffd9d18c000 	C:\WINDOWS\System32\WS2_32.dll
0x00007ffd92670000 - 0x00007ffd9269a000 	C:\WINDOWS\SYSTEM32\winmmbase.dll
0x00007ffd9a6a0000 - 0x00007ffd9a6e9000 	C:\WINDOWS\System32\cfgmgr32.dll
0x00007ffd95f60000 - 0x00007ffd95f6f000 	C:\Program Files\Java\jre1.8.0_201\bin\verify.dll
0x00007ffd94eb0000 - 0x00007ffd94ed9000 	C:\Program Files\Java\jre1.8.0_201\bin\java.dll
0x00007ffd8c830000 - 0x00007ffd8c846000 	C:\Program Files\Java\jre1.8.0_201\bin\zip.dll

VM Arguments:
jvm_args: -Dmaven.home=EMBEDDED -Dclassworlds.conf=C:\Users\marti\workspace\.metadata\.plugins\org.eclipse.m2e.launching\launches\m2conf1907125539963091030.tmp -Dmaven.multiModuleProjectDirectory=C:\Users\marti\workspace\Main -Dfile.encoding=Cp1252 
java_command: org.codehaus.plexus.classworlds.launcher.Launcher -B compile
java_class_path (initial): /C:/Users/marti/Downloads/eclipse-java-neon-3-win32-x86_64 (1)/eclipse/plugins/org.eclipse.m2e.maven.runtime_1.7.0.20160603-1931/jars/plexus-classworlds-2.5.2.jar
Launcher Type: SUN_STANDARD

Environment Variables:
PATH=C:/Program Files/Java/jre1.8.0_201/bin/server;C:/Program Files/Java/jre1.8.0_201/bin;C:/Program Files/Java/jre1.8.0_201/lib/amd64;C:\Program Files\Haskell\bin;C:\Program Files\Haskell Platform\8.6.3\lib\extralibs\bin;C:\Program Files\Haskell Platform\8.6.3\bin;C:\Program Files (x86)\Common Files\Oracle\Java\javapath;C:\Program Files (x86)\Intel\Intel(R) Management Engine Components\iCLS\;C:\Program Files\Intel\Intel(R) Management Engine Components\iCLS\;C:\ProgramData\Oracle\Java\javapath;C:\windows\system32;C:\windows;C:\windows\System32\Wbem;C:\windows\System32\WindowsPowerShell\v1.0\;C:\Program Files (x86)\NVIDIA Corporation\PhysX\Common;C:\Program Files\Git\cmd;C:\wamp\bin\php\php5.5.12;C:\ProgramData\ComposerSetup\bin;C:\WINDOWS\system32;C:\WINDOWS;C:\WINDOWS\System32\Wbem;C:\WINDOWS\System32\WindowsPowerShell\v1.0\;C:\Program Files (x86)\Intel\Intel(R) Management Engine Components\DAL;C:\Program Files\Intel\Intel(R) Management Engine Components\DAL;C:\Program Files (x86)\Intel\Intel(R) Management Engine Components\IPT;C:\Program Files\Intel\Intel(R) Management Engine Components\IPT;C:\WINDOWS\System32\OpenSSH\;C:\Android;C:\Windows\System32;C:\Program Files (x86)\BaseX\bin;C:\Program Files\Haskell Platform\8.6.3\mingw\bin;C:\Users\marti\AppData\Roaming\cabal\bin;C:\Users\marti\AppData\Roaming\local\bin;C:\Program Files\Java\jdk1.8.0_121\bin;C:\Users\marti\AppData\Roaming\Composer\vendor\bin;C:\Users\marti\AppData\Local\Microsoft\WindowsApps;C:\Users\marti\Downloads\eclipse-java-neon-3-win32-x86_64 (1)\eclipse;
USERNAME=marti
OS=Windows_NT
PROCESSOR_IDENTIFIER=Intel64 Family 6 Model 142 Stepping 9, GenuineIntel



---------------  S Y S T E M  ---------------

OS: Windows 10.0 , 64 bit Build 17134 (10.0.17134.753)

CPU:total 4 (initial active 4) (2 cores per cpu, 2 threads per core) family 6 model 142 stepping 9, cmov, cx8, fxsr, mmx, sse, sse2, sse3, ssse3, sse4.1, sse4.2, popcnt, avx, avx2, aes, clmul, erms, 3dnowpref, lzcnt, ht, tsc, tscinvbit, bmi1, bmi2, adx

Memory: 4k page, physical 6173924k(1849304k free), swap 25048292k(5608k free)

vm_info: Java HotSpot(TM) 64-Bit Server VM (25.201-b09) for windows-amd64 JRE (1.8.0_201-b09), built on Dec 15 2018 18:36:39 by "java_re" with MS VC++ 10.0 (VS2010)

time: Thu May 23 23:24:01 2019
timezone: Paris, Madrid (heure d’été)
elapsed time: 0 seconds (0d 0h 0m 0s)

